This is pdfTeXk, Version 3.141592-1.40.3 (Web2C 7.5.6) (format=pdflatex 2009.6.9)  12 MAY 2010 19:52
entering extended mode
 %&-line parsing enabled.
**nmo_doc
(./nmo_doc.tex
LaTeX2e <2005/12/01>
Babel <v3.8h> and hyphenation patterns for english, usenglishmax, dumylang, noh
yphenation, arabic, farsi, croatian, ukrainian, russian, bulgarian, czech, slov
ak, danish, dutch, finnish, basque, french, german, ngerman, ibycus, greek, mon
ogreek, ancientgreek, hungarian, italian, latin, mongolian, norsk, icelandic, i
nterlingua, turkish, coptic, romanian, welsh, serbian, slovenian, estonian, esp
eranto, uppersorbian, indonesian, polish, portuguese, spanish, catalan, galicia
n, swedish, ukenglish, loaded.
(/usr/share/texmf-texlive/tex/latex/base/report.cls
Document Class: report 2005/09/16 v1.4f Standard LaTeX document class
(/usr/share/texmf-texlive/tex/latex/base/size11.clo
File: size11.clo 2005/09/16 v1.4f Standard LaTeX file (size option)
)
\c@part=\count79
\c@chapter=\count80
\c@section=\count81
\c@subsection=\count82
\c@subsubsection=\count83
\c@paragraph=\count84
\c@subparagraph=\count85
\c@figure=\count86
\c@table=\count87
\abovecaptionskip=\skip41
\belowcaptionskip=\skip42
\bibindent=\dimen102
)
(/usr/share/texmf-texlive/tex/latex/ltxmisc/a4wide.sty
Package: a4wide 1994/08/30

(/usr/share/texmf-texlive/tex/latex/ntgclass/a4.sty
Package: a4 2004/04/15 v1.2g A4 based page layout
))
(/usr/share/texmf-texlive/tex/latex/amsfonts/amssymb.sty
Package: amssymb 2002/01/22 v2.2d

(/usr/share/texmf-texlive/tex/latex/amsfonts/amsfonts.sty
Package: amsfonts 2001/10/25 v2.2f
\@emptytoks=\toks14
\symAMSa=\mathgroup4
\symAMSb=\mathgroup5
LaTeX Font Info:    Overwriting math alphabet `\mathfrak' in version `bold'
(Font)                  U/euf/m/n --> U/euf/b/n on input line 132.
))
(/usr/share/texmf-texlive/tex/latex/base/inputenc.sty
Package: inputenc 2006/05/05 v1.1b Input encoding file
\inpenc@prehook=\toks15
\inpenc@posthook=\toks16

(/usr/share/texmf-texlive/tex/latex/base/latin1.def
File: latin1.def 2006/05/05 v1.1b Input encoding file
))
(/usr/share/texmf-texlive/tex/latex/base/makeidx.sty
Package: makeidx 2000/03/29 v1.0m Standard LaTeX package
)
\@indexfile=\write3
\openout3 = `nmo_doc.idx'.


Writing index file nmo_doc.idx
(/usr/share/texmf-texlive/tex/latex/graphics/color.sty
Package: color 2005/11/14 v1.0j Standard LaTeX Color (DPC)

(/etc/texmf/tex/latex/config/color.cfg
File: color.cfg 2007/01/18 v1.5 color configuration of teTeX/TeXLive
)
Package color Info: Driver file: pdftex.def on input line 130.

(/usr/share/texmf-texlive/tex/latex/pdftex-def/pdftex.def
File: pdftex.def 2007/01/08 v0.04d Graphics/color for pdfTeX
\Gread@gobject=\count88
))
(/usr/share/texmf-texlive/tex/latex/fancyvrb/fancyvrb.sty
Package: fancyvrb 1998/07/17

Style option: `fancyvrb' v2.6, with DG/SPQR fixes <1998/07/17> (tvz)
(/usr/share/texmf-texlive/tex/latex/graphics/keyval.sty
Package: keyval 1999/03/16 v1.13 key=value parser (DPC)
\KV@toks@=\toks17
)
\FV@CodeLineNo=\count89
\FV@InFile=\read1
\FV@TabBox=\box26
\c@FancyVerbLine=\count90
\FV@StepNumber=\count91
\FV@OutFile=\write4

No file fancyvrb.cfg.
) (/usr/share/texmf-texlive/tex/latex/pslatex/pslatex.sty
Package: pslatex 1996/07/24 v1.2 pslatex emulation (DPC)
LaTeX Font Info:    Redeclaring symbol font `operators' on input line 65.
LaTeX Font Info:    Overwriting symbol font `operators' in version `normal'
(Font)                  OT1/cmr/m/n --> OT1/ptmcm/m/n on input line 65.
LaTeX Font Info:    Overwriting symbol font `operators' in version `bold'
(Font)                  OT1/cmr/bx/n --> OT1/ptmcm/m/n on input line 65.
LaTeX Font Info:    Redeclaring symbol font `letters' on input line 66.
LaTeX Font Info:    Overwriting symbol font `letters' in version `normal'
(Font)                  OML/cmm/m/it --> OML/ptmcm/m/it on input line 66.
LaTeX Font Info:    Overwriting symbol font `letters' in version `bold'
(Font)                  OML/cmm/b/it --> OML/ptmcm/m/it on input line 66.
LaTeX Font Info:    Redeclaring symbol font `symbols' on input line 67.
LaTeX Font Info:    Overwriting symbol font `symbols' in version `normal'
(Font)                  OMS/cmsy/m/n --> OMS/pzccm/m/n on input line 67.
LaTeX Font Info:    Overwriting symbol font `symbols' in version `bold'
(Font)                  OMS/cmsy/b/n --> OMS/pzccm/m/n on input line 67.
LaTeX Font Info:    Redeclaring symbol font `largesymbols' on input line 68.
LaTeX Font Info:    Overwriting symbol font `largesymbols' in version `normal'
(Font)                  OMX/cmex/m/n --> OMX/psycm/m/n on input line 68.
LaTeX Font Info:    Overwriting symbol font `largesymbols' in version `bold'
(Font)                  OMX/cmex/m/n --> OMX/psycm/m/n on input line 68.
\symbold=\mathgroup6
\symitalic=\mathgroup7
LaTeX Font Info:    Redeclaring math alphabet \mathbf on input line 74.
LaTeX Font Info:    Overwriting math alphabet `\mathbf' in version `normal'
(Font)                  OT1/cmr/bx/n --> OT1/ptm/bx/n on input line 74.
LaTeX Font Info:    Overwriting math alphabet `\mathbf' in version `bold'
(Font)                  OT1/cmr/bx/n --> OT1/ptm/bx/n on input line 74.
LaTeX Font Info:    Redeclaring math alphabet \mathit on input line 75.
LaTeX Font Info:    Overwriting math alphabet `\mathit' in version `normal'
(Font)                  OT1/cmr/m/it --> OT1/ptm/m/it on input line 75.
LaTeX Font Info:    Overwriting math alphabet `\mathit' in version `bold'
(Font)                  OT1/cmr/bx/it --> OT1/ptm/m/it on input line 75.
)
(/usr/share/texmf-texlive/tex/latex/hyperref/hyperref.sty
Package: hyperref 2007/02/07 v6.75r Hypertext links for LaTeX
\@linkdim=\dimen103
\Hy@linkcounter=\count92
\Hy@pagecounter=\count93

(/usr/share/texmf-texlive/tex/latex/hyperref/pd1enc.def
File: pd1enc.def 2007/02/07 v6.75r Hyperref: PDFDocEncoding definition (HO)
)
(/etc/texmf/tex/latex/config/hyperref.cfg
File: hyperref.cfg 2002/06/06 v1.2 hyperref configuration of TeXLive
)
(/usr/share/texmf-texlive/tex/latex/oberdiek/kvoptions.sty
Package: kvoptions 2006/08/22 v2.4 Connects package keyval with LaTeX options (
HO)
)
Package hyperref Info: Option `bookmarks' set `false' on input line 2238.
Package hyperref Info: Option `colorlinks' set `true' on input line 2238.
Package hyperref Info: Option `breaklinks' set `true' on input line 2238.
Package hyperref Info: Hyper figures OFF on input line 2288.
Package hyperref Info: Link nesting OFF on input line 2293.
Package hyperref Info: Hyper index ON on input line 2296.
Package hyperref Info: Plain pages OFF on input line 2303.
Package hyperref Info: Backreferencing ON on input line 2306.

Implicit mode ON; LaTeX internals redefined
Package hyperref Info: Bookmarks OFF on input line 2450.
(/usr/share/texmf-texlive/tex/latex/hyperref/backref.sty
Package: backref 2006/10/06 v1.27 Bibliographical back referencing
)
(/usr/share/texmf-texlive/tex/latex/ltxmisc/url.sty
\Urlmuskip=\muskip10
Package: url 2005/06/27  ver 3.2  Verb mode for urls, etc.
)
LaTeX Info: Redefining \url on input line 2599.
\Fld@menulength=\count94
\Field@Width=\dimen104
\Fld@charsize=\dimen105
\Choice@toks=\toks18
\Field@toks=\toks19
Package hyperref Info: Hyper figures OFF on input line 3102.
Package hyperref Info: Link nesting OFF on input line 3107.
Package hyperref Info: Hyper index ON on input line 3110.
Package hyperref Info: backreferencing ON on input line 3115.
Package hyperref Info: Link coloring ON on input line 3120.
\Hy@abspage=\count95
\c@Item=\count96
\c@Hfootnote=\count97
)
*hyperref using driver hpdftex*
(/usr/share/texmf-texlive/tex/latex/hyperref/hpdftex.def
File: hpdftex.def 2007/02/07 v6.75r Hyperref driver for pdfTeX
\Fld@listcount=\count98
)
\pagenrlog=\write5
\openout5 = `nmo_doc.pnr'.

 (./nmo_doc.aux)
\openout1 = `nmo_doc.aux'.

LaTeX Font Info:    Checking defaults for OML/cmm/m/it on input line 43.
LaTeX Font Info:    ... okay on input line 43.
LaTeX Font Info:    Checking defaults for T1/cmr/m/n on input line 43.
LaTeX Font Info:    ... okay on input line 43.
LaTeX Font Info:    Checking defaults for OT1/cmr/m/n on input line 43.
LaTeX Font Info:    ... okay on input line 43.
LaTeX Font Info:    Checking defaults for OMS/pzccm/m/n on input line 43.
LaTeX Font Info:    Try loading font information for OMS+pzccm on input line 43
.

(/usr/share/texmf-texlive/tex/latex/psnfss/omspzccm.fd
File: omspzccm.fd 2000/01/03 Fontinst v1.801 font definitions for OMS/pzccm.
)
LaTeX Font Info:    ... okay on input line 43.
LaTeX Font Info:    Checking defaults for OMX/cmex/m/n on input line 43.
LaTeX Font Info:    ... okay on input line 43.
LaTeX Font Info:    Checking defaults for U/cmr/m/n on input line 43.
LaTeX Font Info:    ... okay on input line 43.
LaTeX Font Info:    Checking defaults for PD1/pdf/m/n on input line 43.
LaTeX Font Info:    ... okay on input line 43.
Package hyperref Info: Link coloring ON on input line 43.

(/usr/share/texmf-texlive/tex/latex/hyperref/nameref.sty
Package: nameref 2006/12/27 v2.28 Cross-referencing by name of section

(/usr/share/texmf-texlive/tex/latex/oberdiek/refcount.sty
Package: refcount 2006/02/20 v3.0 Data extraction from references (HO)
)
\c@section@level=\count99
)
LaTeX Info: Redefining \ref on input line 43.
LaTeX Info: Redefining \pageref on input line 43.
LaTeX Font Info:    Font shape `OT1/ptm/bx/n' in size <24.88> not available
(Font)              Font shape `OT1/ptm/b/n' tried instead on input line 47.
LaTeX Font Info:    Font shape `OT1/phv/bx/n' in size <24.88> not available
(Font)              Font shape `OT1/phv/b/n' tried instead on input line 47.
LaTeX Font Info:    Font shape `OT1/phv/b/n' will be
(Font)              scaled to size 22.39185pt on input line 47.
LaTeX Font Info:    Font shape `OT1/ptm/bx/n' in size <12> not available
(Font)              Font shape `OT1/ptm/b/n' tried instead on input line 53.
LaTeX Font Info:    Font shape `OT1/ptm/bx/n' in size <10> not available
(Font)              Font shape `OT1/ptm/b/n' tried instead on input line 59.

Underfull \hbox (badness 10000) in paragraph at lines 57--60

 []

LaTeX Font Info:    Font shape `OT1/ptm/bx/n' in size <10.95> not available
(Font)              Font shape `OT1/ptm/b/n' tried instead on input line 61.
[1

{/home/jwk/.texmf-var/fonts/map/pdftex/updmap/pdftex.map

pdfTeX warning: pdflatex (file /home/jwk/.texmf-var/fonts/map/pdftex/updmap/pdf
tex.map): fontmap entry for `mtex' already exists, duplicates ignored


pdfTeX warning: pdflatex (file /home/jwk/.texmf-var/fonts/map/pdftex/updmap/pdf
tex.map): fontmap entry for `mtsy' already exists, duplicates ignored


pdfTeX warning: pdflatex (file /home/jwk/.texmf-var/fonts/map/pdftex/updmap/pdf
tex.map): fontmap entry for `rmtmi' already exists, duplicates ignored
}]
LaTeX Font Info:    Font shape `OT1/ptm/bx/n' in size <14.4> not available
(Font)              Font shape `OT1/ptm/b/n' tried instead on input line 68.
LaTeX Font Info:    Font shape `OMS/ptm/m/n' in size <10> not available
(Font)              Font shape `OMS/pzccm/m/n' tried instead on input line 72.

Underfull \hbox (badness 10000) in paragraph at lines 77--78

 []

LaTeX Font Info:    Font shape `OT1/phv/m/sl' will be
(Font)              scaled to size 7.19995pt on input line 78.
[2] (./nmo_doc.toc
LaTeX Font Info:    Try loading font information for OT1+ptmcm on input line 2.

 (/usr/share/texmf-texlive/tex/latex/psnfss/ot1ptmcm.fd
File: ot1ptmcm.fd 2000/01/03 Fontinst v1.801 font definitions for OT1/ptmcm.
)
LaTeX Font Info:    Try loading font information for OML+ptmcm on input line 2.


(/usr/share/texmf-texlive/tex/latex/psnfss/omlptmcm.fd
File: omlptmcm.fd 2000/01/03 Fontinst v1.801 font definitions for OML/ptmcm.
)
LaTeX Font Info:    Try loading font information for OMX+psycm on input line 2.


(/usr/share/texmf-texlive/tex/latex/psnfss/omxpsycm.fd
File: omxpsycm.fd 2000/01/03 Fontinst v1.801 font definitions for OMX/psycm.
)
LaTeX Font Info:    Try loading font information for U+msa on input line 2.

(/usr/share/texmf-texlive/tex/latex/amsfonts/umsa.fd
File: umsa.fd 2002/01/19 v2.2g AMS font definitions
)
LaTeX Font Info:    Try loading font information for U+msb on input line 2.

(/usr/share/texmf-texlive/tex/latex/amsfonts/umsb.fd
File: umsb.fd 2002/01/19 v2.2g AMS font definitions
)
LaTeX Font Info:    Font shape `OT1/ptm/bx/n' in size <8> not available
(Font)              Font shape `OT1/ptm/b/n' tried instead on input line 2.
LaTeX Font Info:    Font shape `OT1/ptm/bx/n' in size <6> not available
(Font)              Font shape `OT1/ptm/b/n' tried instead on input line 2.
)
\tf@toc=\write6
\openout6 = `nmo_doc.toc'.

 [3

]
Chapter 1.
LaTeX Font Info:    Font shape `OT1/ptm/bx/n' in size <20.74> not available
(Font)              Font shape `OT1/ptm/b/n' tried instead on input line 86.
LaTeX Font Info:    Font shape `OT1/phv/m/n' will be
(Font)              scaled to size 9.85492pt on input line 94.
[4

]
LaTeX Font Info:    Font shape `OMS/ptm/m/n' in size <10.95> not available
(Font)              Font shape `OMS/pzccm/m/n' tried instead on input line 131.

LaTeX Font Info:    Try loading font information for OML+pcr on input line 165.

 (/usr/share/texmf-texlive/tex/latex/psnfss/omlpcr.fd
File: omlpcr.fd 
)
LaTeX Font Info:    Font shape `OML/pcr/m/n' in size <10.95> not available
(Font)              Font shape `OML/cmm/m/it' tried instead on input line 165.
 [5]
LaTeX Font Info:    Try loading font information for OML+ptm on input line 210.


(/usr/share/texmf-texlive/tex/latex/psnfss/omlptm.fd
File: omlptm.fd 
)
LaTeX Font Info:    Font shape `OML/ptm/m/n' in size <10.95> not available
(Font)              Font shape `OML/cmm/m/it' tried instead on input line 210.
 [6] [7] [8]
Underfull \hbox (badness 6332) in paragraph at lines 400--404
\OT1/ptm/m/n/10.95 The or-der-ings por-tion of \OT1/phv/m/n/10.95 NMO \OT1/ptm/
m/n/10.95 is di-vided code-wise into the files \OT1/pcr/m/n/10.95 ncordmachine.
gd,
 []

[9]
Underfull \hbox (badness 5417) in paragraph at lines 412--418
[]\OT1/ptm/m/n/10.95 A bit of ex-pla-na-tion is due here to ad-dress the added 
com-plex-ity in-tro-duced by
 []


Underfull \hbox (badness 10000) in paragraph at lines 412--418
\OT1/ptm/m/n/10.95 re-quir-ing that two func-tions \OT1/pcr/m/n/10.95 (\OML/cmm
/m/it/10.95 <\OT1/pcr/m/n/10.95 function\OML/cmm/m/it/10.95 >\OT1/pcr/m/n/10.95
 , \OML/cmm/m/it/10.95 <\OT1/pcr/m/n/10.95 function2\OML/cmm/m/it/10.95 >\OT1/p
cr/m/n/10.95 ) \OT1/ptm/m/n/10.95 need be sup-plied to
 []

LaTeX Font Info:    Font shape `OML/pcr/m/sl' in size <10.95> not available
(Font)              Font shape `OML/cmm/m/it' tried instead on input line 445.

Underfull \hbox (badness 10000) in paragraph at lines 443--446
[]$\U/msa/m/n/10.95 ^^F$ \OT1/pcr/m/n/10.95 InstallNoncommutativeMonomialOrderi
ng(\OML/cmm/m/it/10.95 <\OT1/pcr/m/sl/10.95 string\OML/cmm/m/it/10.95 >\OT1/pcr
/m/sl/10.95 , \OML/cmm/m/it/10.95 <\OT1/pcr/m/sl/10.95 function\OML/cmm/m/it/10
.95 >\OT1/pcr/m/sl/10.95 ,
 []


Underfull \hbox (badness 10000) in paragraph at lines 443--446

 []

[10]
Underfull \hbox (badness 10000) in paragraph at lines 484--487

 []


Underfull \hbox (badness 10000) in paragraph at lines 492--495

 []


Underfull \hbox (badness 10000) in paragraph at lines 501--504

 []


Underfull \hbox (badness 10000) in paragraph at lines 509--512

 []


Underfull \hbox (badness 10000) in paragraph at lines 516--519

 []

[11]
Underfull \hbox (badness 10000) in paragraph at lines 523--526

 []


Underfull \hbox (badness 10000) in paragraph at lines 545--548

 []


Underfull \hbox (badness 10000) in paragraph at lines 553--556

 []


Underfull \hbox (badness 10000) in paragraph at lines 561--564

 []


Underfull \hbox (badness 10000) in paragraph at lines 566--569

 []


Underfull \hbox (badness 10000) in paragraph at lines 571--574
[]\OT1/ptm/m/n/10.95 Given a non-com-mu-ta-tive mono-mial or-der-ing, \OT1/pcr/
m/n/10.95 OrderingLtFunctionListRep \OT1/ptm/m/n/10.95 and
 []


Underfull \hbox (badness 1412) in paragraph at lines 571--574
\OT1/pcr/m/n/10.95 OrderingLtFunctionListRep \OT1/ptm/m/n/10.95 re-turn func-ti
ons which com-pare the `list' rep-re-sen-ta-tions (NP
 []


Underfull \hbox (badness 10000) in paragraph at lines 581--584

 []

[12]
Underfull \hbox (badness 10000) in paragraph at lines 594--597

 []


Underfull \hbox (badness 10000) in paragraph at lines 602--605

 []


Underfull \hbox (badness 10000) in paragraph at lines 610--613

 []


Underfull \hbox (badness 10000) in paragraph at lines 619--622

 []


Underfull \hbox (badness 10000) in paragraph at lines 642--645
[]$\U/msa/m/n/10.95 ^^F$ \OT1/pcr/m/n/10.95 NCLessThanByOrdering(\OML/cmm/m/it/
10.95 <\OT1/pcr/m/sl/10.95 NoncommutativeMonomialOrdering\OML/cmm/m/it/10.95 >\
OT1/pcr/m/sl/10.95 , \OML/cmm/m/it/10.95 <\OT1/pcr/m/sl/10.95 a\OML/cmm/m/it/10
.95 >\OT1/pcr/m/sl/10.95 , \OML/cmm/m/it/10.95 <\OT1/pcr/m/sl/10.95 b\OML/cmm/m
/it/10.95 >\OT1/pcr/m/n/10.95 )[] []
 []


Underfull \hbox (badness 10000) in paragraph at lines 642--645

 []


Underfull \hbox (badness 10000) in paragraph at lines 647--648
[]\OT1/ptm/m/n/10.95 Given a \OML/cmm/m/it/10.95 <\OT1/pcr/m/n/10.95 Noncommuta
tiveMonomialOrdering\OML/cmm/m/it/10.95 > \OT1/ptm/m/n/10.95 on an al-ge-bra $\
OML/ptmcm/m/it/10.95 A$ \OT1/ptm/m/n/10.95 and $\OML/ptmcm/m/it/10.95 a; b \OMS
/pzccm/m/n/10.95 2 \OML/ptmcm/m/it/10.95 A$\OT1/ptm/m/n/10.95 ,
 []


Underfull \hbox (badness 3514) in paragraph at lines 649--652
[]$\U/msa/m/n/10.95 ^^F$ \OT1/pcr/m/n/10.95 NCGreaterThanByOrdering(\OML/cmm/m/
it/10.95 <\OT1/pcr/m/sl/10.95 NoncommutativeMonomialOrdering\OML/cmm/m/it/10.95
 >\OT1/pcr/m/sl/10.95 , \OML/cmm/m/it/10.95 <\OT1/pcr/m/sl/10.95 a\OML/cmm/m/it
/10.95 >\OT1/pcr/m/sl/10.95 , \OML/cmm/m/it/10.95 <\OT1/pcr/m/sl/10.95 b\OML/cm
m/m/it/10.95 >\OT1/pcr/m/n/10.95 )[]
 []


Underfull \hbox (badness 10000) in paragraph at lines 649--652

 []


Underfull \hbox (badness 10000) in paragraph at lines 654--655
[]\OT1/ptm/m/n/10.95 Given a \OML/cmm/m/it/10.95 <\OT1/pcr/m/n/10.95 Noncommuta
tiveMonomialOrdering\OML/cmm/m/it/10.95 > \OT1/ptm/m/n/10.95 on an al-ge-bra $\
OML/ptmcm/m/it/10.95 A$ \OT1/ptm/m/n/10.95 and $\OML/ptmcm/m/it/10.95 a; b \OMS
/pzccm/m/n/10.95 2 \OML/ptmcm/m/it/10.95 A$\OT1/ptm/m/n/10.95 ,
 []


Underfull \hbox (badness 3514) in paragraph at lines 658--661
[]$\U/msa/m/n/10.95 ^^F$ \OT1/pcr/m/n/10.95 NCEquivalentByOrdering(\OML/cmm/m/i
t/10.95 <\OT1/pcr/m/sl/10.95 NoncommutativeMonomialOrdering\OML/cmm/m/it/10.95 
>\OT1/pcr/m/sl/10.95 , \OML/cmm/m/it/10.95 <\OT1/pcr/m/sl/10.95 a\OML/cmm/m/it/
10.95 >\OT1/pcr/m/sl/10.95 , \OML/cmm/m/it/10.95 <\OT1/pcr/m/sl/10.95 b\OML/cmm
/m/it/10.95 >\OT1/pcr/m/n/10.95 )[] []
 []


Underfull \hbox (badness 10000) in paragraph at lines 658--661

 []

[13]
Underfull \hbox (badness 10000) in paragraph at lines 663--664
[]\OT1/ptm/m/n/10.95 Given a \OML/cmm/m/it/10.95 <\OT1/pcr/m/n/10.95 Noncommuta
tiveMonomialOrdering\OML/cmm/m/it/10.95 > \OT1/ptm/m/n/10.95 on an al-ge-bra $\
OML/ptmcm/m/it/10.95 A$ \OT1/ptm/m/n/10.95 and $\OML/ptmcm/m/it/10.95 a; b \OMS
/pzccm/m/n/10.95 2 \OML/ptmcm/m/it/10.95 A$\OT1/ptm/m/n/10.95 ,
 []


Underfull \hbox (badness 10000) in paragraph at lines 705--708
[]$\U/msa/m/n/10.95 ^^F$ \OT1/pcr/m/n/10.95 NCSortNP(\OML/cmm/m/it/10.95 <\OT1/
pcr/m/sl/10.95 NoncommutativeMonomialOrdering\OML/cmm/m/it/10.95 >\OT1/pcr/m/sl
/10.95 , \OML/cmm/m/it/10.95 <\OT1/pcr/m/sl/10.95 list\OML/cmm/m/it/10.95 >\OT1
/pcr/m/sl/10.95 , \OML/cmm/m/it/10.95 <\OT1/pcr/m/sl/10.95 function\OML/cmm/m/i
t/10.95 >\OT1/pcr/m/n/10.95 )[] []
 []


Underfull \hbox (badness 10000) in paragraph at lines 705--708

 []

[14]
Underfull \hbox (badness 10000) in paragraph at lines 745--748

 []


Underfull \hbox (badness 10000) in paragraph at lines 750--753

 []


Underfull \hbox (badness 1314) in paragraph at lines 755--758
[]\OT1/ptm/m/n/10.95 Let \OML/cmm/m/it/10.95 <\OT1/pcr/m/n/10.95 Noncommutative
MonomialOrdering\OML/cmm/m/it/10.95 > \OT1/ptm/m/n/10.95 be a mono-mial or-der-
ing (on an al-ge-bra $\OML/ptmcm/m/it/10.95 A$\OT1/ptm/m/n/10.95 ).
 []


Underfull \hbox (badness 10000) in paragraph at lines 778--781

 []

[15] (./nmo_doc.bbl (./nmo_doc.brf)
\tf@brf=\write7
\openout7 = `nmo_doc.brf'.

 [16]) [17

] (./nmo_doc.aux) ) 
Here is how much of TeX's memory you used:
 3579 strings out of 94080
 50511 string characters out of 1165312
 102150 words of memory out of 1500000
 6733 multiletter control sequences out of 10000+50000
 42837 words of font info for 83 fonts, out of 1200000 for 2000
 645 hyphenation exceptions out of 8191
 27i,7n,25p,688b,616s stack positions out of 5000i,500n,6000p,200000b,5000s
 </home/jwk/.texmf-var/fonts/pk/ljfour/public/cm/cmr10.657pk
>{/usr/share/texmf-texlive/fonts/enc/dvips/base/8r.enc} </home/jwk/.texmf-var/f
onts/pk/ljfour/public/cm/cmmi10.657pk></usr/share/texmf-texlive/fonts/type1/blu
esky/cm/cmsy10.pfb></usr/share/texmf-texlive/fonts/type1/bluesky/ams/msam10.pfb
></usr/share/texmf-texlive/fonts/type1/urw/courier/ucrr8a.pfb></usr/share/texmf
-texlive/fonts/type1/urw/times/utmr8a.pfb>
Output written on nmo_doc.pdf (17 pages, 94594 bytes).
PDF statistics:
 221 PDF objects out of 1000 (max. 8388607)
 63 named destinations out of 1000 (max. 131072)
 17 words of extra memory for PDF output out of 10000 (max. 10000000)

