This is pdfTeX, Version 3.1415926-2.5-1.40.14 (TeX Live 2013/Debian) (format=pdflatex 2016.3.8)  8 MAR 2016 15:10
entering extended mode
 restricted \write18 enabled.
 %&-line parsing enabled.
**gbnp_doc
(./gbnp_doc.tex
LaTeX2e <2011/06/27>
Babel <3.9h> and hyphenation patterns for 2 languages loaded.
(/usr/share/texlive/texmf-dist/tex/latex/base/report.cls
Document Class: report 2007/10/19 v1.4h Standard LaTeX document class
(/usr/share/texlive/texmf-dist/tex/latex/base/size11.clo
File: size11.clo 2007/10/19 v1.4h Standard LaTeX file (size option)
)
\c@part=\count79
\c@chapter=\count80
\c@section=\count81
\c@subsection=\count82
\c@subsubsection=\count83
\c@paragraph=\count84
\c@subparagraph=\count85
\c@figure=\count86
\c@table=\count87
\abovecaptionskip=\skip41
\belowcaptionskip=\skip42
\bibindent=\dimen102
)
(/usr/share/texlive/texmf-dist/tex/latex/a4wide/a4wide.sty
Package: a4wide 1994/08/30

(/usr/share/texlive/texmf-dist/tex/latex/ntgclass/a4.sty
Package: a4 2004/04/15 v1.2g A4 based page layout
))
(/usr/share/texlive/texmf-dist/tex/latex/amsfonts/amssymb.sty
Package: amssymb 2013/01/14 v3.01 AMS font symbols

(/usr/share/texlive/texmf-dist/tex/latex/amsfonts/amsfonts.sty
Package: amsfonts 2013/01/14 v3.01 Basic AMSFonts support
\@emptytoks=\toks14
\symAMSa=\mathgroup4
\symAMSb=\mathgroup5
LaTeX Font Info:    Overwriting math alphabet `\mathfrak' in version `bold'
(Font)                  U/euf/m/n --> U/euf/b/n on input line 106.
))
(/usr/share/texlive/texmf-dist/tex/latex/base/inputenc.sty
Package: inputenc 2008/03/30 v1.1d Input encoding file
\inpenc@prehook=\toks15
\inpenc@posthook=\toks16

(/usr/share/texlive/texmf-dist/tex/latex/base/latin1.def
File: latin1.def 2008/03/30 v1.1d Input encoding file
))
(/usr/share/texlive/texmf-dist/tex/latex/base/makeidx.sty
Package: makeidx 2000/03/29 v1.0m Standard LaTeX package
)
\@indexfile=\write3
\openout3 = `gbnp_doc.idx'.


Writing index file gbnp_doc.idx
(/usr/share/texlive/texmf-dist/tex/latex/graphics/color.sty
Package: color 2005/11/14 v1.0j Standard LaTeX Color (DPC)

(/usr/share/texlive/texmf-dist/tex/latex/latexconfig/color.cfg
File: color.cfg 2007/01/18 v1.5 color configuration of teTeX/TeXLive
)
Package color Info: Driver file: pdftex.def on input line 130.

(/usr/share/texlive/texmf-dist/tex/latex/pdftex-def/pdftex.def
File: pdftex.def 2011/05/27 v0.06d Graphics/color for pdfTeX

(/usr/share/texlive/texmf-dist/tex/generic/oberdiek/infwarerr.sty
Package: infwarerr 2010/04/08 v1.3 Providing info/warning/error messages (HO)
)
(/usr/share/texlive/texmf-dist/tex/generic/oberdiek/ltxcmds.sty
Package: ltxcmds 2011/11/09 v1.22 LaTeX kernel commands for general use (HO)
)
\Gread@gobject=\count88
))
(/usr/share/texlive/texmf-dist/tex/latex/fancyvrb/fancyvrb.sty
Package: fancyvrb 2008/02/07

Style option: `fancyvrb' v2.7a, with DG/SPQR fixes, and firstline=lastline fix 
<2008/02/07> (tvz) (/usr/share/texlive/texmf-dist/tex/latex/graphics/keyval.sty
Package: keyval 1999/03/16 v1.13 key=value parser (DPC)
\KV@toks@=\toks17
)
\FV@CodeLineNo=\count89
\FV@InFile=\read1
\FV@TabBox=\box26
\c@FancyVerbLine=\count90
\FV@StepNumber=\count91
\FV@OutFile=\write4
) (/usr/share/texlive/texmf-dist/tex/latex/psnfss/mathptmx.sty
Package: mathptmx 2005/04/12 PSNFSS-v9.2a Times w/ Math, improved (SPQR, WaS) 
LaTeX Font Info:    Redeclaring symbol font `operators' on input line 28.
LaTeX Font Info:    Overwriting symbol font `operators' in version `normal'
(Font)                  OT1/cmr/m/n --> OT1/ztmcm/m/n on input line 28.
LaTeX Font Info:    Overwriting symbol font `operators' in version `bold'
(Font)                  OT1/cmr/bx/n --> OT1/ztmcm/m/n on input line 28.
LaTeX Font Info:    Redeclaring symbol font `letters' on input line 29.
LaTeX Font Info:    Overwriting symbol font `letters' in version `normal'
(Font)                  OML/cmm/m/it --> OML/ztmcm/m/it on input line 29.
LaTeX Font Info:    Overwriting symbol font `letters' in version `bold'
(Font)                  OML/cmm/b/it --> OML/ztmcm/m/it on input line 29.
LaTeX Font Info:    Redeclaring symbol font `symbols' on input line 30.
LaTeX Font Info:    Overwriting symbol font `symbols' in version `normal'
(Font)                  OMS/cmsy/m/n --> OMS/ztmcm/m/n on input line 30.
LaTeX Font Info:    Overwriting symbol font `symbols' in version `bold'
(Font)                  OMS/cmsy/b/n --> OMS/ztmcm/m/n on input line 30.
LaTeX Font Info:    Redeclaring symbol font `largesymbols' on input line 31.
LaTeX Font Info:    Overwriting symbol font `largesymbols' in version `normal'
(Font)                  OMX/cmex/m/n --> OMX/ztmcm/m/n on input line 31.
LaTeX Font Info:    Overwriting symbol font `largesymbols' in version `bold'
(Font)                  OMX/cmex/m/n --> OMX/ztmcm/m/n on input line 31.
\symbold=\mathgroup6
\symitalic=\mathgroup7
LaTeX Font Info:    Redeclaring math alphabet \mathbf on input line 34.
LaTeX Font Info:    Overwriting math alphabet `\mathbf' in version `normal'
(Font)                  OT1/cmr/bx/n --> OT1/ptm/bx/n on input line 34.
LaTeX Font Info:    Overwriting math alphabet `\mathbf' in version `bold'
(Font)                  OT1/cmr/bx/n --> OT1/ptm/bx/n on input line 34.
LaTeX Font Info:    Redeclaring math alphabet \mathit on input line 35.
LaTeX Font Info:    Overwriting math alphabet `\mathit' in version `normal'
(Font)                  OT1/cmr/m/it --> OT1/ptm/m/it on input line 35.
LaTeX Font Info:    Overwriting math alphabet `\mathit' in version `bold'
(Font)                  OT1/cmr/bx/it --> OT1/ptm/m/it on input line 35.
LaTeX Info: Redefining \hbar on input line 50.
)
(/usr/share/texlive/texmf-dist/tex/latex/psnfss/helvet.sty
Package: helvet 2005/04/12 PSNFSS-v9.2a (WaS) 
)
(/usr/share/texlive/texmf-dist/tex/latex/base/fontenc.sty
Package: fontenc 2005/09/27 v1.99g Standard LaTeX package

(/usr/share/texlive/texmf-dist/tex/latex/base/t1enc.def
File: t1enc.def 2005/09/27 v1.99g Standard LaTeX file
LaTeX Font Info:    Redeclaring font encoding T1 on input line 43.
))
(/usr/share/texlive/texmf-dist/tex/latex/base/textcomp.sty
Package: textcomp 2005/09/27 v1.99g Standard LaTeX package
Package textcomp Info: Sub-encoding information:
(textcomp)               5 = only ISO-Adobe without \textcurrency
(textcomp)               4 = 5 + \texteuro
(textcomp)               3 = 4 + \textohm
(textcomp)               2 = 3 + \textestimated + \textcurrency
(textcomp)               1 = TS1 - \textcircled - \t
(textcomp)               0 = TS1 (full)
(textcomp)             Font families with sub-encoding setting implement
(textcomp)             only a restricted character set as indicated.
(textcomp)             Family '?' is the default used for unknown fonts.
(textcomp)             See the documentation for details.
Package textcomp Info: Setting ? sub-encoding to TS1/1 on input line 71.

(/usr/share/texlive/texmf-dist/tex/latex/base/ts1enc.def
File: ts1enc.def 2001/06/05 v3.0e (jk/car/fm) Standard LaTeX file
)
LaTeX Info: Redefining \oldstylenums on input line 266.
Package textcomp Info: Setting cmr sub-encoding to TS1/0 on input line 281.
Package textcomp Info: Setting cmss sub-encoding to TS1/0 on input line 282.
Package textcomp Info: Setting cmtt sub-encoding to TS1/0 on input line 283.
Package textcomp Info: Setting cmvtt sub-encoding to TS1/0 on input line 284.
Package textcomp Info: Setting cmbr sub-encoding to TS1/0 on input line 285.
Package textcomp Info: Setting cmtl sub-encoding to TS1/0 on input line 286.
Package textcomp Info: Setting ccr sub-encoding to TS1/0 on input line 287.
Package textcomp Info: Setting ptm sub-encoding to TS1/4 on input line 288.
Package textcomp Info: Setting pcr sub-encoding to TS1/4 on input line 289.
Package textcomp Info: Setting phv sub-encoding to TS1/4 on input line 290.
Package textcomp Info: Setting ppl sub-encoding to TS1/3 on input line 291.
Package textcomp Info: Setting pag sub-encoding to TS1/4 on input line 292.
Package textcomp Info: Setting pbk sub-encoding to TS1/4 on input line 293.
Package textcomp Info: Setting pnc sub-encoding to TS1/4 on input line 294.
Package textcomp Info: Setting pzc sub-encoding to TS1/4 on input line 295.
Package textcomp Info: Setting bch sub-encoding to TS1/4 on input line 296.
Package textcomp Info: Setting put sub-encoding to TS1/5 on input line 297.
Package textcomp Info: Setting uag sub-encoding to TS1/5 on input line 298.
Package textcomp Info: Setting ugq sub-encoding to TS1/5 on input line 299.
Package textcomp Info: Setting ul8 sub-encoding to TS1/4 on input line 300.
Package textcomp Info: Setting ul9 sub-encoding to TS1/4 on input line 301.
Package textcomp Info: Setting augie sub-encoding to TS1/5 on input line 302.
Package textcomp Info: Setting dayrom sub-encoding to TS1/3 on input line 303.
Package textcomp Info: Setting dayroms sub-encoding to TS1/3 on input line 304.

Package textcomp Info: Setting pxr sub-encoding to TS1/0 on input line 305.
Package textcomp Info: Setting pxss sub-encoding to TS1/0 on input line 306.
Package textcomp Info: Setting pxtt sub-encoding to TS1/0 on input line 307.
Package textcomp Info: Setting txr sub-encoding to TS1/0 on input line 308.
Package textcomp Info: Setting txss sub-encoding to TS1/0 on input line 309.
Package textcomp Info: Setting txtt sub-encoding to TS1/0 on input line 310.
Package textcomp Info: Setting lmr sub-encoding to TS1/0 on input line 311.
Package textcomp Info: Setting lmdh sub-encoding to TS1/0 on input line 312.
Package textcomp Info: Setting lmss sub-encoding to TS1/0 on input line 313.
Package textcomp Info: Setting lmssq sub-encoding to TS1/0 on input line 314.
Package textcomp Info: Setting lmvtt sub-encoding to TS1/0 on input line 315.
Package textcomp Info: Setting qhv sub-encoding to TS1/0 on input line 316.
Package textcomp Info: Setting qag sub-encoding to TS1/0 on input line 317.
Package textcomp Info: Setting qbk sub-encoding to TS1/0 on input line 318.
Package textcomp Info: Setting qcr sub-encoding to TS1/0 on input line 319.
Package textcomp Info: Setting qcs sub-encoding to TS1/0 on input line 320.
Package textcomp Info: Setting qpl sub-encoding to TS1/0 on input line 321.
Package textcomp Info: Setting qtm sub-encoding to TS1/0 on input line 322.
Package textcomp Info: Setting qzc sub-encoding to TS1/0 on input line 323.
Package textcomp Info: Setting qhvc sub-encoding to TS1/0 on input line 324.
Package textcomp Info: Setting futs sub-encoding to TS1/4 on input line 325.
Package textcomp Info: Setting futx sub-encoding to TS1/4 on input line 326.
Package textcomp Info: Setting futj sub-encoding to TS1/4 on input line 327.
Package textcomp Info: Setting hlh sub-encoding to TS1/3 on input line 328.
Package textcomp Info: Setting hls sub-encoding to TS1/3 on input line 329.
Package textcomp Info: Setting hlst sub-encoding to TS1/3 on input line 330.
Package textcomp Info: Setting hlct sub-encoding to TS1/5 on input line 331.
Package textcomp Info: Setting hlx sub-encoding to TS1/5 on input line 332.
Package textcomp Info: Setting hlce sub-encoding to TS1/5 on input line 333.
Package textcomp Info: Setting hlcn sub-encoding to TS1/5 on input line 334.
Package textcomp Info: Setting hlcw sub-encoding to TS1/5 on input line 335.
Package textcomp Info: Setting hlcf sub-encoding to TS1/5 on input line 336.
Package textcomp Info: Setting pplx sub-encoding to TS1/3 on input line 337.
Package textcomp Info: Setting pplj sub-encoding to TS1/3 on input line 338.
Package textcomp Info: Setting ptmx sub-encoding to TS1/4 on input line 339.
Package textcomp Info: Setting ptmj sub-encoding to TS1/4 on input line 340.
)
(/usr/share/texlive/texmf-dist/tex/latex/hyperref/hyperref.sty
Package: hyperref 2012/11/06 v6.83m Hypertext links for LaTeX

(/usr/share/texlive/texmf-dist/tex/generic/oberdiek/hobsub-hyperref.sty
Package: hobsub-hyperref 2012/05/28 v1.13 Bundle oberdiek, subset hyperref (HO)


(/usr/share/texlive/texmf-dist/tex/generic/oberdiek/hobsub-generic.sty
Package: hobsub-generic 2012/05/28 v1.13 Bundle oberdiek, subset generic (HO)
Package: hobsub 2012/05/28 v1.13 Construct package bundles (HO)
Package hobsub Info: Skipping package `infwarerr' (already loaded).
Package hobsub Info: Skipping package `ltxcmds' (already loaded).
Package: ifluatex 2010/03/01 v1.3 Provides the ifluatex switch (HO)
Package ifluatex Info: LuaTeX not detected.
Package: ifvtex 2010/03/01 v1.5 Detect VTeX and its facilities (HO)
Package ifvtex Info: VTeX not detected.
Package: intcalc 2007/09/27 v1.1 Expandable calculations with integers (HO)
Package: ifpdf 2011/01/30 v2.3 Provides the ifpdf switch (HO)
Package ifpdf Info: pdfTeX in PDF mode is detected.
Package: etexcmds 2011/02/16 v1.5 Avoid name clashes with e-TeX commands (HO)
Package etexcmds Info: Could not find \expanded.
(etexcmds)             That can mean that you are not using pdfTeX 1.50 or
(etexcmds)             that some package has redefined \expanded.
(etexcmds)             In the latter case, load this package earlier.
Package: kvsetkeys 2012/04/25 v1.16 Key value parser (HO)
Package: kvdefinekeys 2011/04/07 v1.3 Define keys (HO)
Package: pdftexcmds 2011/11/29 v0.20 Utility functions of pdfTeX for LuaTeX (HO
)
Package pdftexcmds Info: LuaTeX not detected.
Package pdftexcmds Info: \pdf@primitive is available.
Package pdftexcmds Info: \pdf@ifprimitive is available.
Package pdftexcmds Info: \pdfdraftmode found.
Package: pdfescape 2011/11/25 v1.13 Implements pdfTeX's escape features (HO)
Package: bigintcalc 2012/04/08 v1.3 Expandable calculations on big integers (HO
)
Package: bitset 2011/01/30 v1.1 Handle bit-vector datatype (HO)
Package: uniquecounter 2011/01/30 v1.2 Provide unlimited unique counter (HO)
)
Package hobsub Info: Skipping package `hobsub' (already loaded).
Package: letltxmacro 2010/09/02 v1.4 Let assignment for LaTeX macros (HO)
Package: hopatch 2012/05/28 v1.2 Wrapper for package hooks (HO)
Package: xcolor-patch 2011/01/30 xcolor patch
Package: atveryend 2011/06/30 v1.8 Hooks at the very end of document (HO)
Package atveryend Info: \enddocument detected (standard20110627).
Package: atbegshi 2011/10/05 v1.16 At begin shipout hook (HO)
Package: refcount 2011/10/16 v3.4 Data extraction from label references (HO)
Package: hycolor 2011/01/30 v1.7 Color options for hyperref/bookmark (HO)
)
(/usr/share/texlive/texmf-dist/tex/generic/ifxetex/ifxetex.sty
Package: ifxetex 2010/09/12 v0.6 Provides ifxetex conditional
)
(/usr/share/texlive/texmf-dist/tex/latex/oberdiek/auxhook.sty
Package: auxhook 2011/03/04 v1.3 Hooks for auxiliary files (HO)
)
(/usr/share/texlive/texmf-dist/tex/latex/oberdiek/kvoptions.sty
Package: kvoptions 2011/06/30 v3.11 Key value format for package options (HO)
)
\@linkdim=\dimen103
\Hy@linkcounter=\count92
\Hy@pagecounter=\count93

(/usr/share/texlive/texmf-dist/tex/latex/hyperref/pd1enc.def
File: pd1enc.def 2012/11/06 v6.83m Hyperref: PDFDocEncoding definition (HO)
)
\Hy@SavedSpaceFactor=\count94

(/usr/share/texlive/texmf-dist/tex/latex/latexconfig/hyperref.cfg
File: hyperref.cfg 2002/06/06 v1.2 hyperref configuration of TeXLive
)

Package hyperref Warning: Unexpected value for option `pdftex'
(hyperref)                is ignored on input line 4319.

Package hyperref Info: Option `bookmarks' set `true' on input line 4319.

Package hyperref Warning: Option `a4paper' is no longer used.

Package hyperref Info: Option `colorlinks' set `true' on input line 4319.
Package hyperref Info: Option `breaklinks' set `true' on input line 4319.
Package hyperref Info: Hyper figures OFF on input line 4443.
Package hyperref Info: Link nesting OFF on input line 4448.
Package hyperref Info: Hyper index ON on input line 4451.
Package hyperref Info: Plain pages OFF on input line 4458.
Package hyperref Info: Backreferencing ON on input line 4461.
Package hyperref Info: Implicit mode ON; LaTeX internals redefined.
Package hyperref Info: Bookmarks ON on input line 4688.
(/usr/share/texlive/texmf-dist/tex/latex/hyperref/backref.sty
Package: backref 2012/07/25 v1.38 Bibliographical back referencing

(/usr/share/texlive/texmf-dist/tex/latex/oberdiek/rerunfilecheck.sty
Package: rerunfilecheck 2011/04/15 v1.7 Rerun checks for auxiliary files (HO)
Package uniquecounter Info: New unique counter `rerunfilecheck' on input line 2
82.
))
\c@Hy@tempcnt=\count95

(/usr/share/texlive/texmf-dist/tex/latex/url/url.sty
\Urlmuskip=\muskip10
Package: url 2013/09/16  ver 3.4  Verb mode for urls, etc.
)
LaTeX Info: Redefining \url on input line 5041.
\XeTeXLinkMargin=\dimen104
\Fld@menulength=\count96
\Field@Width=\dimen105
\Fld@charsize=\dimen106
Package hyperref Info: Hyper figures OFF on input line 6295.
Package hyperref Info: Link nesting OFF on input line 6300.
Package hyperref Info: Hyper index ON on input line 6303.
Package hyperref Info: backreferencing ON on input line 6308.
Package hyperref Info: Link coloring ON on input line 6313.
Package hyperref Info: Link coloring with OCG OFF on input line 6320.
Package hyperref Info: PDF/A mode OFF on input line 6325.
LaTeX Info: Redefining \ref on input line 6365.
LaTeX Info: Redefining \pageref on input line 6369.
\Hy@abspage=\count97
\c@Item=\count98
\c@Hfootnote=\count99
)

Package hyperref Message: Driver: hpdftex.

(/usr/share/texlive/texmf-dist/tex/latex/hyperref/hpdftex.def
File: hpdftex.def 2012/11/06 v6.83m Hyperref driver for pdfTeX
\Fld@listcount=\count100
\c@bookmark@seq@number=\count101
\Hy@SectionHShift=\skip43
)
\pagenrlog=\write5
\openout5 = `gbnp_doc.pnr'.


(/usr/share/texlive/texmf-dist/tex/latex/enumitem/enumitem.sty
Package: enumitem 2011/09/28 v3.5.2 Customized lists
\labelindent=\skip44
\enit@outerparindent=\dimen107
\enit@toks=\toks18
\enit@inbox=\box27
\enitdp@description=\count102
) (./gbnp_doc.aux

LaTeX Warning: Label `GP2NP' multiply defined.


LaTeX Warning: Label `GP2NPList' multiply defined.


LaTeX Warning: Label `NP2GP' multiply defined.


LaTeX Warning: Label `NP2GPList' multiply defined.


LaTeX Warning: Label `PrintNP' multiply defined.


LaTeX Warning: Label `GBNP.ConfigPrint' multiply defined.


LaTeX Warning: Label `PrintNPList' multiply defined.


LaTeX Warning: Label `NumAlgGensNP' multiply defined.


LaTeX Warning: Label `NumAlgGensNPList' multiply defined.


LaTeX Warning: Label `NumModGensNP' multiply defined.


LaTeX Warning: Label `NumModGensNPList' multiply defined.


LaTeX Warning: Label `AddNP' multiply defined.


LaTeX Warning: Label `BimulNP' multiply defined.


LaTeX Warning: Label `CleanNP' multiply defined.


LaTeX Warning: Label `GtNP' multiply defined.


LaTeX Warning: Label `LtNP' multiply defined.


LaTeX Warning: Label `LMonsNP' multiply defined.


LaTeX Warning: Label `MkMonicNP' multiply defined.


LaTeX Warning: Label `MulNP' multiply defined.


LaTeX Warning: Label `Grobner' multiply defined.


LaTeX Warning: Label `SGrobner' multiply defined.


LaTeX Warning: Label `IsGrobnerBasis' multiply defined.


LaTeX Warning: Label `IsStrongGrobnerBasis' multiply defined.


LaTeX Warning: Label `IsGrobnerPair' multiply defined.


LaTeX Warning: Label `MakeGrobnerPair' multiply defined.


LaTeX Warning: Label `BaseQA' multiply defined.


LaTeX Warning: Label `DimQA' multiply defined.


LaTeX Warning: Label `MatrixQA' multiply defined.


LaTeX Warning: Label `MatricesQA' multiply defined.


LaTeX Warning: Label `MulQA' multiply defined.


LaTeX Warning: Label `StrongNormalFormNP' multiply defined.


LaTeX Warning: Label `DetermineGrowthQA' multiply defined.


LaTeX Warning: Label `FinCheckQA' multiply defined.


LaTeX Warning: Label `HilbertSeriesQA' multiply defined.


LaTeX Warning: Label `PreprocessAnalysisQA' multiply defined.


LaTeX Warning: Label `EvalTrace' multiply defined.


LaTeX Warning: Label `PrintTraceList' multiply defined.


LaTeX Warning: Label `PrintTracePol' multiply defined.


LaTeX Warning: Label `PrintNPListTrace' multiply defined.


LaTeX Warning: Label `SGrobnerTrace' multiply defined.


LaTeX Warning: Label `StrongNormalFormTraceDiff' multiply defined.


LaTeX Warning: Label `SGrobnerTrunc' multiply defined.


LaTeX Warning: Label `CheckHomogeneousNPs' multiply defined.


LaTeX Warning: Label `BaseQATrunc' multiply defined.


LaTeX Warning: Label `DimsQATrunc' multiply defined.


LaTeX Warning: Label `FreqsQATrunc' multiply defined.


LaTeX Warning: Label `SGrobnerModule' multiply defined.


LaTeX Warning: Label `BaseQM' multiply defined.


LaTeX Warning: Label `DimQM' multiply defined.


LaTeX Warning: Label `MulQM' multiply defined.


LaTeX Warning: Label `StrongNormalFormNPM' multiply defined.

)
\openout1 = `gbnp_doc.aux'.

LaTeX Font Info:    Checking defaults for OML/cmm/m/it on input line 87.
LaTeX Font Info:    ... okay on input line 87.
LaTeX Font Info:    Checking defaults for T1/cmr/m/n on input line 87.
LaTeX Font Info:    ... okay on input line 87.
LaTeX Font Info:    Checking defaults for OT1/cmr/m/n on input line 87.
LaTeX Font Info:    ... okay on input line 87.
LaTeX Font Info:    Checking defaults for OMS/cmsy/m/n on input line 87.
LaTeX Font Info:    ... okay on input line 87.
LaTeX Font Info:    Checking defaults for OMX/cmex/m/n on input line 87.
LaTeX Font Info:    ... okay on input line 87.
LaTeX Font Info:    Checking defaults for U/cmr/m/n on input line 87.
LaTeX Font Info:    ... okay on input line 87.
LaTeX Font Info:    Checking defaults for TS1/cmr/m/n on input line 87.
LaTeX Font Info:    Try loading font information for TS1+cmr on input line 87.
 (/usr/share/texlive/texmf-dist/tex/latex/base/ts1cmr.fd
File: ts1cmr.fd 1999/05/25 v2.5h Standard LaTeX font definitions
)
LaTeX Font Info:    ... okay on input line 87.
LaTeX Font Info:    Checking defaults for PD1/pdf/m/n on input line 87.
LaTeX Font Info:    ... okay on input line 87.
LaTeX Font Info:    Try loading font information for T1+ptm on input line 87.

(/usr/share/texlive/texmf-dist/tex/latex/psnfss/t1ptm.fd
File: t1ptm.fd 2001/06/04 font definitions for T1/ptm.
)
(/usr/share/texlive/texmf-dist/tex/context/base/supp-pdf.mkii
[Loading MPS to PDF converter (version 2006.09.02).]
\scratchcounter=\count103
\scratchdimen=\dimen108
\scratchbox=\box28
\nofMPsegments=\count104
\nofMParguments=\count105
\everyMPshowfont=\toks19
\MPscratchCnt=\count106
\MPscratchDim=\dimen109
\MPnumerator=\count107
\makeMPintoPDFobject=\count108
\everyMPtoPDFconversion=\toks20
)
\big@size=\dimen110
\AtBeginShipoutBox=\box29
Package hyperref Info: Link coloring ON on input line 87.
 (/usr/share/texlive/texmf-dist/tex/latex/hyperref/nameref.sty
Package: nameref 2012/10/27 v2.43 Cross-referencing by name of section

(/usr/share/texlive/texmf-dist/tex/generic/oberdiek/gettitlestring.sty
Package: gettitlestring 2010/12/03 v1.4 Cleanup title references (HO)
)
\c@section@level=\count109
)
LaTeX Info: Redefining \ref on input line 87.
LaTeX Info: Redefining \pageref on input line 87.
LaTeX Info: Redefining \nameref on input line 87.

(./gbnp_doc.out) (./gbnp_doc.out)
\@outlinefile=\write6
\openout6 = `gbnp_doc.out'.

LaTeX Font Info:    Font shape `T1/ptm/bx/n' in size <50> not available
(Font)              Font shape `T1/ptm/b/n' tried instead on input line 93.
LaTeX Font Info:    Try loading font information for T1+phv on input line 93.

(/usr/share/texlive/texmf-dist/tex/latex/psnfss/t1phv.fd
File: t1phv.fd 2001/06/04 scalable font definitions for T1/phv.
)
LaTeX Font Info:    Font shape `T1/phv/bx/n' in size <50> not available
(Font)              Font shape `T1/phv/b/n' tried instead on input line 93.
LaTeX Font Info:    Font shape `T1/ptm/bx/n' in size <14.4> not available
(Font)              Font shape `T1/ptm/b/n' tried instead on input line 101.
LaTeX Font Info:    Font shape `T1/ptm/bx/n' in size <10> not available
(Font)              Font shape `T1/ptm/b/n' tried instead on input line 108.
LaTeX Font Info:    Try loading font information for T1+cmtt on input line 108.


(/usr/share/texlive/texmf-dist/tex/latex/base/t1cmtt.fd
File: t1cmtt.fd 1999/05/25 v2.5h Standard LaTeX font definitions
)
Underfull \hbox (badness 10000) in paragraph at lines 106--111

 []

LaTeX Font Info:    Font shape `T1/ptm/bx/n' in size <10.95> not available
(Font)              Font shape `T1/ptm/b/n' tried instead on input line 112.
[1

{/var/lib/texmf/fonts/map/pdftex/updmap/pdftex.map}]
Underfull \hbox (badness 10000) in paragraph at lines 132--136

 []

LaTeX Font Info:    Try loading font information for TS1+ptm on input line 140.

(/usr/share/texlive/texmf-dist/tex/latex/psnfss/ts1ptm.fd
File: ts1ptm.fd 2001/06/04 font definitions for TS1/ptm.
)
Underfull \hbox (badness 10000) in paragraph at lines 155--156

 []

[2]
LaTeX Font Info:    Font shape `T1/ptm/bx/n' in size <24.88> not available
(Font)              Font shape `T1/ptm/b/n' tried instead on input line 160.
 (./gbnp_doc.toc
LaTeX Font Info:    Try loading font information for OT1+ztmcm on input line 2.

 (/usr/share/texlive/texmf-dist/tex/latex/psnfss/ot1ztmcm.fd
File: ot1ztmcm.fd 2000/01/03 Fontinst v1.801 font definitions for OT1/ztmcm.
)
LaTeX Font Info:    Try loading font information for OML+ztmcm on input line 2.

 (/usr/share/texlive/texmf-dist/tex/latex/psnfss/omlztmcm.fd
File: omlztmcm.fd 2000/01/03 Fontinst v1.801 font definitions for OML/ztmcm.
)
LaTeX Font Info:    Try loading font information for OMS+ztmcm on input line 2.


(/usr/share/texlive/texmf-dist/tex/latex/psnfss/omsztmcm.fd
File: omsztmcm.fd 2000/01/03 Fontinst v1.801 font definitions for OMS/ztmcm.
)
LaTeX Font Info:    Try loading font information for OMX+ztmcm on input line 2.


(/usr/share/texlive/texmf-dist/tex/latex/psnfss/omxztmcm.fd
File: omxztmcm.fd 2000/01/03 Fontinst v1.801 font definitions for OMX/ztmcm.
)
LaTeX Font Info:    Try loading font information for OT1+ptm on input line 2.

(/usr/share/texlive/texmf-dist/tex/latex/psnfss/ot1ptm.fd
File: ot1ptm.fd 2001/06/04 font definitions for OT1/ptm.
)
LaTeX Font Info:    Font shape `OT1/ptm/bx/n' in size <10.95> not available
(Font)              Font shape `OT1/ptm/b/n' tried instead on input line 2.
LaTeX Font Info:    Font shape `OT1/ptm/bx/n' in size <8> not available
(Font)              Font shape `OT1/ptm/b/n' tried instead on input line 2.
LaTeX Font Info:    Font shape `OT1/ptm/bx/n' in size <6> not available
(Font)              Font shape `OT1/ptm/b/n' tried instead on input line 2.
 [3

])
\tf@toc=\write7
\openout7 = `gbnp_doc.toc'.

 [4]
Chapter 1.
LaTeX Font Info:    Font shape `T1/ptm/bx/n' in size <20.74> not available
(Font)              Font shape `T1/ptm/b/n' tried instead on input line 164.

Overfull \hbox (13.67801pt too wide) in paragraph at lines 177--178
\T1/ptm/m/n/10.95 To in-stall GBNP, first down-load it from [][]\T1/cmtt/m/n/10
.95 http://mathdox.org/products/gbnp/GBNP-1.0.3.tar.gz[][]\T1/ptm/m/n/10.95 ,
 []


Underfull \hbox (badness 10000) in paragraph at lines 185--186
[]\T1/ptm/m/n/10.95 Those who want to down-load this doc-u-men-ta-tion can find
 it at
 []

[5

]
Underfull \hbox (badness 2680) in paragraph at lines 216--218
\T1/ptm/m/n/10.95 port of Dié Gi-js-bers, Jan Willem Knop-per, and Chris Krook)
 can be down-loaded from
 []

[6]
Chapter 2.
[7

]
Underfull \hbox (badness 2042) in paragraph at lines 286--288
\T1/ptm/m/n/10.95 rep-re-sents $\OT1/ztmcm/m/n/10.95 [1\OML/ztmcm/m/it/10.95 ; 
\OT1/ztmcm/m/n/10.95 0\OML/ztmcm/m/it/10.95 ; \OT1/ztmcm/m/n/10.95 0]$ \T1/ptm/
m/n/10.95 and \T1/cmtt/m/n/10.95 [[[-1,1,2],[-1,2,1],[-3,2,2,2]],[6,-7,9]] \T1/
ptm/m/n/10.95 rep-re-sents $\OT1/ztmcm/m/n/10.95 [6\OML/ztmcm/m/it/10.95 x[]x[]
 \OMS/ztmcm/m/n/10.95 ^^@
 []

[8] [9] [10] [11] [12]
Chapter 3.
LaTeX Font Info:    Font shape `T1/ptm/bx/n' in size <12> not available
(Font)              Font shape `T1/ptm/b/n' tried instead on input line 473.
[13

] [14] [15]
Underfull \hbox (badness 10000) in paragraph at lines 686--689

 []


Underfull \hbox (badness 4048) in paragraph at lines 693--694
[]\T1/ptm/m/n/10.95 This func-tion prints a poly-no-mial [] in NP for-mat as co
n-fig-ured by the func-tion
 []


Underfull \hbox (badness 10000) in paragraph at lines 712--715

 []

[16]
LaTeX Font Info:    Font shape `T1/ptm/bx/it' in size <10.95> not available
(Font)              Font shape `T1/ptm/b/it' tried instead on input line 721.
 [17]
Underfull \hbox (badness 10000) in paragraph at lines 797--800

 []

[18] [19] [20] [21] [22] [23] [24] [25] [26] [27] [28] [29] [30] [31] [32]
[33] [34] [35]
Underfull \hbox (badness 10000) in paragraph at lines 2049--2052

 []


Underfull \hbox (badness 10000) in paragraph at lines 2075--2078

 []

[36]
Underfull \hbox (badness 10000) in paragraph at lines 2103--2106

 []

[37] [38] [39] [40] [41] [42] [43] [44] [45] [46] [47]
Chapter 4.
pdfTeX warning (ext4): destination with the same identifier (name{L.X7DFB63A97E
67C0A1}) has been already used, duplicate ignored
<to be read again> 
                   \relax 
l.2776 \hyperdef{L}{X7DFB63A97E67C0A1}{}
                                        
Underfull \hbox (badness 10000) in paragraph at lines 2796--2799

 []

[48

pdfTeX warning (ext4): destination with the same identifier (name{L.X82D40B0E84
383BBC}) has been already used, duplicate ignored

\AtBegShi@Output ...ipout \box \AtBeginShipoutBox 
                                                  \fi \fi 
l.2823 
       ]
Underfull \hbox (badness 10000) in paragraph at lines 2847--2850

 []

pdfTeX warning (ext4): destination with the same identifier (name{L.X8222A2F67E
4CC62B}) has been already used, duplicate ignored
<to be read again> 
                   \relax 
l.2861 \hyperdef{L}{X8222A2F67E4CC62B}{}
                                        pdfTeX warning (ext4): destination with
 the same identifier (name{L.X8552D1FF7EA2B8A6}) has been already used, duplica
te ignored
<to be read again> 
                   \relax 
l.2868 \hyperdef{L}{X8552D1FF7EA2B8A6}{}
                                         [49pdfTeX warning (ext4): destination 
with the same identifier (name{L.X7FAE244E80397B9A}) has been already used, dup
licate ignored

\AtBegShi@Output ...ipout \box \AtBeginShipoutBox 
                                                  \fi \fi 
l.2897 \chapter
               {\textcolor{Chapter }{Examples}}\label{Examples}pdfTeX warning (
ext4): destination with the same identifier (name{L.X7CC244E47F903B31}) has bee
n already used, duplicate ignored

\AtBegShi@Output ...ipout \box \AtBeginShipoutBox 
                                                  \fi \fi 
l.2897 \chapter
               {\textcolor{Chapter }{Examples}}\label{Examples}]
Appendix A.
pdfTeX warning (ext4): destination with the same identifier (name{L.X7A489A5D79
DA9E5C}) has been already used, duplicate ignored
<to be read again> 
                   \relax 
l.2899 \hyperdef{L}{X7A489A5D79DA9E5C}{}
                                        pdfTeX warning (ext4): destination with
 the same identifier (name{L.X7DFB63A97E67C0A1}) has been already used, duplica
te ignored
<to be read again> 
                   \relax 
l.2904 \hyperdef{L}{X7DFB63A97E67C0A1}{}
                                         [50

] [51] [52] [53] [54] [55] [56]
[57] [58]
LaTeX Font Info:    Font shape `OT1/ptm/bx/n' in size <14.4> not available
(Font)              Font shape `OT1/ptm/b/n' tried instead on input line 3348.


Package hyperref Warning: Token not allowed in a PDF string (PDFDocEncoding):
(hyperref)                removing `math shift' on input line 3348.


Package hyperref Warning: Token not allowed in a PDF string (PDFDocEncoding):
(hyperref)                removing `subscript' on input line 3348.


Package hyperref Warning: Token not allowed in a PDF string (PDFDocEncoding):
(hyperref)                removing `math shift' on input line 3348.

[59] [60] [61] [62] [63] [64] [65]

Package hyperref Warning: Token not allowed in a PDF string (PDFDocEncoding):
(hyperref)                removing `math shift' on input line 3742.


Package hyperref Warning: Token not allowed in a PDF string (PDFDocEncoding):
(hyperref)                removing `subscript' on input line 3742.


Package hyperref Warning: Token not allowed in a PDF string (PDFDocEncoding):
(hyperref)                removing `math shift' on input line 3742.

[66] [67] [68] [69]

Package hyperref Warning: Token not allowed in a PDF string (PDFDocEncoding):
(hyperref)                removing `math shift' on input line 3938.


Package hyperref Warning: Token not allowed in a PDF string (PDFDocEncoding):
(hyperref)                removing `subscript' on input line 3938.


Package hyperref Warning: Token not allowed in a PDF string (PDFDocEncoding):
(hyperref)                removing `math shift' on input line 3938.

[70] [71] [72] [73] [74] [75] [76]

Package hyperref Warning: Token not allowed in a PDF string (PDFDocEncoding):
(hyperref)                removing `math shift' on input line 4291.


Package hyperref Warning: Token not allowed in a PDF string (PDFDocEncoding):
(hyperref)                removing `subscript' on input line 4291.


Package hyperref Warning: Token not allowed in a PDF string (PDFDocEncoding):
(hyperref)                removing `math shift' on input line 4291.

[77] [78] [79] [80] [81] [82] [83] [84] [85]
Underfull \hbox (badness 1184) in paragraph at lines 4797--4798
\T1/ptm/m/n/10.95 First the re-la-tions are con-verted into NP for-mat, see Sec
-tion [][]2.1[][], af-ter which the func-tion
 []

[86] [87] [88] [89] [90] [91] [92] [93] [94]
Underfull \hbox (badness 2293) in paragraph at lines 5251--5252
\T1/ptm/m/n/10.95 It is pos-si-ble to print sym-bols like they are printed in t
he al-ge-bra \T1/cmtt/m/n/10.95 A \T1/ptm/m/n/10.95 with the func-tion
 []

[95] [96] [97]

Package hyperref Warning: Token not allowed in a PDF string (PDFDocEncoding):
(hyperref)                removing `math shift' on input line 5381.


Package hyperref Warning: Token not allowed in a PDF string (PDFDocEncoding):
(hyperref)                removing `subscript' on input line 5381.


Package hyperref Warning: Token not allowed in a PDF string (PDFDocEncoding):
(hyperref)                removing `math shift' on input line 5381.

[98]
Underfull \hbox (badness 2435) in paragraph at lines 5406--5407
\T1/ptm/m/n/10.95 In or-der to print the vari-ables like they are printed in th
e al-ge-bra \T1/cmtt/m/n/10.95 A \T1/ptm/m/n/10.95 with the func-tion
 []

[99] [100]
Underfull \hbox (badness 2293) in paragraph at lines 5533--5534
\T1/ptm/m/n/10.95 It is pos-si-ble to print sym-bols like they are printed in t
he al-ge-bra \T1/cmtt/m/n/10.95 A \T1/ptm/m/n/10.95 with the func-tion
 []

[101] [102] [103] [104]
! Extra \right.
\rangle ->\delimiter "526930B 
                              
l.5715 aca^{-1}c^{-2}\}\right\rangle
                                    $ is the trivial group. Here we solve th...
I'm ignoring a \right that had no matching \left.

[105] [106] [107] [108]
Underfull \hbox (badness 2205) in paragraph at lines 5930--5932
\T1/ptm/m/n/10.95 Compare milk and cola af-ter tak-ing their strong nor-mal for
ms with re-spect to \T1/cmtt/m/n/10.95 GB \T1/ptm/m/n/10.95 us-ing
 []

[109] [110] [111] [112] [113] (./gbnp_doc.bbl (./gbnp_doc.brf)
\tf@brf=\write8
\openout8 = `gbnp_doc.brf'.

 [114] [115

])
[116] (./gbnp_doc.ind [117


])
Package atveryend Info: Empty hook `BeforeClearDocument' on input line 6253.
Package atveryend Info: Empty hook `AfterLastShipout' on input line 6253.
 (./gbnp_doc.aux)
Package atveryend Info: Executing hook `AtVeryEndDocument' on input line 6253.
Package atveryend Info: Executing hook `AtEndAfterFileList' on input line 6253.

Package rerunfilecheck Info: File `gbnp_doc.out' has not changed.
(rerunfilecheck)             Checksum: E6F02F001EB2EAE10735E20090F27DCD;4368.
Package rerunfilecheck Info: File `gbnp_doc.brf' has not changed.
(rerunfilecheck)             Checksum: 5F1086D004A6E0AADFB8723893FA2E5D;1908.


LaTeX Warning: There were multiply-defined labels.

Package atveryend Info: Empty hook `AtVeryVeryEnd' on input line 6253.
 ) 
Here is how much of TeX's memory you used:
 7542 strings out of 495028
 110371 string characters out of 6181498
 186747 words of memory out of 5000000
 10245 multiletter control sequences out of 15000+600000
 84478 words of font info for 112 fonts, out of 8000000 for 9000
 14 hyphenation exceptions out of 8191
 32i,7n,31p,1359b,631s stack positions out of 5000i,500n,10000p,200000b,80000s
{/usr/share/texlive/texmf-dist/fonts/enc/dvips/base/8r.enc} </home/jwk/.texmf
-var/fonts/pk/ljfour/jknappen/ec/ecst1095.600pk> </home/jwk/.texmf-var/fonts/pk
/ljfour/jknappen/ec/ectt1095.600pk> </home/jwk/.texmf-var/fonts/pk/ljfour/jknap
pen/ec/ectt1000.600pk></usr/share/texlive/texmf-dist/fonts/type1/public/amsfont
s/cm/cmex10.pfb></usr/share/texlive/texmf-dist/fonts/type1/public/amsfonts/cm/c
mmi10.pfb></usr/share/texlive/texmf-dist/fonts/type1/public/amsfonts/cm/cmr10.p
fb></usr/share/texlive/texmf-dist/fonts/type1/public/amsfonts/cm/cmsy10.pfb></u
sr/share/texlive/texmf-dist/fonts/type1/public/amsfonts/symbols/msbm10.pfb></us
r/share/texlive/texmf-dist/fonts/type1/urw/helvetic/uhvb8a.pfb></usr/share/texl
ive/texmf-dist/fonts/type1/urw/helvetic/uhvr8a.pfb></usr/share/texlive/texmf-di
st/fonts/type1/urw/helvetic/uhvro8a.pfb></usr/share/texlive/texmf-dist/fonts/ty
pe1/urw/symbol/usyr.pfb></usr/share/texlive/texmf-dist/fonts/type1/urw/symbol/u
syr.pfb></usr/share/texlive/texmf-dist/fonts/type1/urw/times/utmb8a.pfb></usr/s
hare/texlive/texmf-dist/fonts/type1/urw/times/utmbi8a.pfb></usr/share/texlive/t
exmf-dist/fonts/type1/urw/times/utmr8a.pfb></usr/share/texlive/texmf-dist/fonts
/type1/urw/times/utmr8a.pfb></usr/share/texlive/texmf-dist/fonts/type1/urw/time
s/utmri8a.pfb>
Output written on gbnp_doc.pdf (117 pages, 487228 bytes).
PDF statistics:
 1934 PDF objects out of 2073 (max. 8388607)
 1591 compressed objects within 16 object streams
 367 named destinations out of 1000 (max. 500000)
 465 words of extra memory for PDF output out of 10000 (max. 10000000)

